<?xml version="1.0" encoding="UTF-8"?>
<!-- Generated by org.testng.reporters.JUnitReportReporter -->
<testsuite hostname="DESKTOP-QRQRH7B" failures="0" tests="1" name="com.testcases.HomePage" time="3.163" errors="0" timestamp="2021-09-19T17:21:58 SAST" skipped="0">
  <testcase classname="com.testcases.HomePage" name="baseTestNavigation" time="3.163"/>
  <system-out/>
</testsuite> <!-- com.testcases.HomePage -->
