<?xml version="1.0" encoding="UTF-8"?>
<!-- Generated by org.testng.reporters.JUnitReportReporter -->
<testsuite hostname="DESKTOP-QRQRH7B" failures="0" tests="1" name="com.testcases.PropertiesTC" time="42.241" errors="0" timestamp="2021-09-19T20:11:05 SAST" skipped="0">
  <testcase classname="com.testcases.PropertiesTC" name="navigatetoproperties" time="42.241"/>
  <system-out/>
</testsuite> <!-- com.testcases.PropertiesTC -->
