<?xml version="1.0" encoding="UTF-8"?>
<!-- Generated by org.testng.reporters.JUnitReportReporter -->
<testsuite hostname="DESKTOP-QRQRH7B" failures="0" tests="1" name="com.testcases.DashBoardPage" time="25.413" errors="0" timestamp="2021-09-19T17:23:38 SAST" skipped="0">
  <testcase classname="com.testcases.DashBoardPage" name="navigatetodashboard" time="25.413"/>
  <system-out/>
</testsuite> <!-- com.testcases.DashBoardPage -->
